<?xml version="1.0" encoding="UTF-8"?>
<!-- Generated by org.testng.reporters.JUnitReportReporter -->
<testsuite hostname="Durgairaj" failures="0" tests="1" name="com.demo.capstoneproj.AutomateLogin" time="1.527" errors="0" timestamp="2022-10-20T16:59:56 IST" skipped="0">
  <testcase classname="com.demo.capstoneproj.AutomateLogin" name="f" time="1.527"/>
  <system-out/>
</testsuite> <!-- com.demo.capstoneproj.AutomateLogin -->
