<?xml version="1.0" encoding="UTF-8"?>
<!-- Generated by org.testng.reporters.JUnitReportReporter -->
<testsuite hostname="Durgairaj" failures="0" tests="1" name="com.demo.capstoneproj.AutomateRegistration" time="6.428" errors="0" timestamp="2022-10-20T17:04:52 IST" skipped="0">
  <testcase classname="com.demo.capstoneproj.AutomateRegistration" name="f" time="6.428"/>
  <system-out/>
</testsuite> <!-- com.demo.capstoneproj.AutomateRegistration -->
